This is pdfTeX, Version 3.141592653-2.6-1.40.22 (MiKTeX 21.2) (preloaded format=pdflatex 2021.4.19)  21 APR 2021 17:57
entering extended mode
**"./Laboratorio 1.tex"
(Laboratorio 1.tex
LaTeX2e <2020-10-01> patch level 4
L3 programming layer <2021-02-18> xparse <2020-03-03>
(C:\Program Files\MiKTeX\tex/latex/base\book.cls
Document Class: book 2020/04/10 v1.4m Standard LaTeX document class
(C:\Program Files\MiKTeX\tex/latex/base\bk12.clo
File: bk12.clo 2020/04/10 v1.4m Standard LaTeX file (size option)
)
\c@part=\count179
\c@chapter=\count180
\c@section=\count181
\c@subsection=\count182
\c@subsubsection=\count183
\c@paragraph=\count184
\c@subparagraph=\count185
\c@figure=\count186
\c@table=\count187
\abovecaptionskip=\skip47
\belowcaptionskip=\skip48
\bibindent=\dimen138
)
(C:\Program Files\MiKTeX\tex/latex/base\inputenc.sty
Package: inputenc 2020/08/01 v1.3d Input encoding file
\inpenc@prehook=\toks15
\inpenc@posthook=\toks16
)
(C:\Program Files\MiKTeX\tex/generic/babel\babel.sty
Package: babel 2021/01/26 3.53 The Babel package

(C:\Program Files\MiKTeX\tex/generic/babel\babel.def
File: babel.def 2021/01/26 3.53 Babel common definitions
\babel@savecnt=\count188
\U@D=\dimen139
\l@babelnohyphens=\language79

(C:\Program Files\MiKTeX\tex/generic/babel\txtbabel.def)
\bbl@readstream=\read2
)
\bbl@dirlevel=\count189

*************************************
* Local config file bblopts.cfg used
*
(C:\Program Files\MiKTeX\tex/latex/arabi\bblopts.cfg
File: bblopts.cfg 2005/09/08 v0.1 add Arabic and Farsi to "declared" options of
 babel
)
(C:\Program Files\MiKTeX\tex/latex/babel-spanish\spanish.ldf
Language: spanish.ldf 2016/03/03 v5.0p Spanish support from the babel system
\es@quottoks=\toks17
\es@quotdepth=\count190
Package babel Info: Making " an active character on input line 561.
Package babel Info: Making . an active character on input line 662.
Package babel Info: Making < an active character on input line 707.
Package babel Info: Making > an active character on input line 707.
))
(C:\Program Files\MiKTeX\tex/latex/amsmath\amsmath.sty
Package: amsmath 2020/09/23 v2.17i AMS math features
\@mathmargin=\skip49

For additional information on amsmath, use the `?' option.
(C:\Program Files\MiKTeX\tex/latex/amsmath\amstext.sty
Package: amstext 2000/06/29 v2.01 AMS text

(C:\Program Files\MiKTeX\tex/latex/amsmath\amsgen.sty
File: amsgen.sty 1999/11/30 v2.0 generic functions
\@emptytoks=\toks18
\ex@=\dimen140
))
(C:\Program Files\MiKTeX\tex/latex/amsmath\amsbsy.sty
Package: amsbsy 1999/11/29 v1.2d Bold Symbols
\pmbraise@=\dimen141
)
(C:\Program Files\MiKTeX\tex/latex/amsmath\amsopn.sty
Package: amsopn 2016/03/08 v2.02 operator names
)
\inf@bad=\count191
LaTeX Info: Redefining \frac on input line 234.
\uproot@=\count192
\leftroot@=\count193
LaTeX Info: Redefining \overline on input line 399.
\classnum@=\count194
\DOTSCASE@=\count195
LaTeX Info: Redefining \ldots on input line 496.
LaTeX Info: Redefining \dots on input line 499.
LaTeX Info: Redefining \cdots on input line 620.
\Mathstrutbox@=\box47
\strutbox@=\box48
\big@size=\dimen142
LaTeX Font Info:    Redeclaring font encoding OML on input line 743.
LaTeX Font Info:    Redeclaring font encoding OMS on input line 744.
\macc@depth=\count196
\c@MaxMatrixCols=\count197
\dotsspace@=\muskip16
\c@parentequation=\count198
\dspbrk@lvl=\count199
\tag@help=\toks19
\row@=\count266
\column@=\count267
\maxfields@=\count268
\andhelp@=\toks20
\eqnshift@=\dimen143
\alignsep@=\dimen144
\tagshift@=\dimen145
\tagwidth@=\dimen146
\totwidth@=\dimen147
\lineht@=\dimen148
\@envbody=\toks21
\multlinegap=\skip50
\multlinetaggap=\skip51
\mathdisplay@stack=\toks22
LaTeX Info: Redefining \[ on input line 2923.
LaTeX Info: Redefining \] on input line 2924.
)
(C:\Program Files\MiKTeX\tex/latex/amsfonts\amsfonts.sty
Package: amsfonts 2013/01/14 v3.01 Basic AMSFonts support
\symAMSa=\mathgroup4
\symAMSb=\mathgroup5
LaTeX Font Info:    Redeclaring math symbol \hbar on input line 98.
LaTeX Font Info:    Overwriting math alphabet `\mathfrak' in version `bold'
(Font)                  U/euf/m/n --> U/euf/b/n on input line 106.
)
(C:\Program Files\MiKTeX\tex/latex/amsfonts\amssymb.sty
Package: amssymb 2013/01/14 v3.01 AMS font symbols
)
(C:\Program Files\MiKTeX\tex/latex/graphics\graphicx.sty
Package: graphicx 2020/09/09 v1.2b Enhanced LaTeX Graphics (DPC,SPQR)

(C:\Program Files\MiKTeX\tex/latex/graphics\keyval.sty
Package: keyval 2014/10/28 v1.15 key=value parser (DPC)
\KV@toks@=\toks23
)
(C:\Program Files\MiKTeX\tex/latex/graphics\graphics.sty
Package: graphics 2020/08/30 v1.4c Standard LaTeX Graphics (DPC,SPQR)

(C:\Program Files\MiKTeX\tex/latex/graphics\trig.sty
Package: trig 2016/01/03 v1.10 sin cos tan (DPC)
)
(C:\Program Files\MiKTeX\tex/latex/graphics-cfg\graphics.cfg
File: graphics.cfg 2016/06/04 v1.11 sample graphics configuration
)
Package graphics Info: Driver file: pdftex.def on input line 105.

(C:\Program Files\MiKTeX\tex/latex/graphics-def\pdftex.def
File: pdftex.def 2020/10/05 v1.2a Graphics/color driver for pdftex
))
\Gin@req@height=\dimen149
\Gin@req@width=\dimen150
)
(C:\Program Files\MiKTeX\tex/latex/geometry\geometry.sty
Package: geometry 2020/01/02 v5.9 Page Geometry

(C:\Program Files\MiKTeX\tex/generic/iftex\ifvtex.sty
Package: ifvtex 2019/10/25 v1.7 ifvtex legacy package. Use iftex instead.

(C:\Program Files\MiKTeX\tex/generic/iftex\iftex.sty
Package: iftex 2020/03/06 v1.0d TeX engine tests
))
\Gm@cnth=\count269
\Gm@cntv=\count270
\c@Gm@tempcnt=\count271
\Gm@bindingoffset=\dimen151
\Gm@wd@mp=\dimen152
\Gm@odd@mp=\dimen153
\Gm@even@mp=\dimen154
\Gm@layoutwidth=\dimen155
\Gm@layoutheight=\dimen156
\Gm@layouthoffset=\dimen157
\Gm@layoutvoffset=\dimen158
\Gm@dimlist=\toks24

(C:\Program Files\MiKTeX\tex/latex/geometry\geometry.cfg))
(C:\Program Files\MiKTeX\tex/latex/l3backend\l3backend-pdftex.def
File: l3backend-pdftex.def 2021-02-18 L3 backend support: PDF output (pdfTeX)
\l__color_backend_stack_int=\count272
\l__pdf_internal_box=\box49
)
(Laboratorio 1.aux
LaTeX Info: Redefining \. on input line 8.
LaTeX Info: Redefining \% on input line 8.
)
\openout1 = `"Laboratorio 1.aux"'.

LaTeX Font Info:    Checking defaults for OML/cmm/m/it on input line 8.
LaTeX Font Info:    ... okay on input line 8.
LaTeX Font Info:    Checking defaults for OMS/cmsy/m/n on input line 8.
LaTeX Font Info:    ... okay on input line 8.
LaTeX Font Info:    Checking defaults for OT1/cmr/m/n on input line 8.
LaTeX Font Info:    ... okay on input line 8.
LaTeX Font Info:    Checking defaults for T1/cmr/m/n on input line 8.
LaTeX Font Info:    ... okay on input line 8.
LaTeX Font Info:    Checking defaults for TS1/cmr/m/n on input line 8.
LaTeX Font Info:    ... okay on input line 8.
LaTeX Font Info:    Checking defaults for OMX/cmex/m/n on input line 8.
LaTeX Font Info:    ... okay on input line 8.
LaTeX Font Info:    Checking defaults for U/cmr/m/n on input line 8.
LaTeX Font Info:    ... okay on input line 8.
LaTeX Info: Redefining \. on input line 8.
LaTeX Info: Redefining \% on input line 8.

(C:\Program Files\MiKTeX\tex/context/base/mkii\supp-pdf.mkii
[Loading MPS to PDF converter (version 2006.09.02).]
\scratchcounter=\count273
\scratchdimen=\dimen159
\scratchbox=\box50
\nofMPsegments=\count274
\nofMParguments=\count275
\everyMPshowfont=\toks25
\MPscratchCnt=\count276
\MPscratchDim=\dimen160
\MPnumerator=\count277
\makeMPintoPDFobject=\count278
\everyMPtoPDFconversion=\toks26
) (C:\Program Files\MiKTeX\tex/latex/epstopdf-pkg\epstopdf-base.sty
Package: epstopdf-base 2020-01-24 v2.11 Base part for package epstopdf
Package epstopdf-base Info: Redefining graphics rule for `.eps' on input line 4
85.
)
*geometry* driver: auto-detecting
*geometry* detected driver: pdftex
*geometry* verbose mode - [ preamble ] result:
* driver: pdftex
* paper: a4paper
* layout: <same size as paper>
* layoutoffset:(h,v)=(0.0pt,0.0pt)
* modes: twoside 
* h-part:(L,W,R)=(56.9055pt, 469.47049pt, 71.13188pt)
* v-part:(T,H,B)=(71.13188pt, 702.78308pt, 71.13188pt)
* \paperwidth=597.50787pt
* \paperheight=845.04684pt
* \textwidth=469.47049pt
* \textheight=702.78308pt
* \oddsidemargin=-15.36449pt
* \evensidemargin=-1.1381pt
* \topmargin=-33.0119pt
* \headheight=12.0pt
* \headsep=19.8738pt
* \topskip=12.0pt
* \footskip=30.0pt
* \marginparwidth=88.0pt
* \marginparsep=7.0pt
* \columnsep=10.0pt
* \skip\footins=10.8pt plus 4.0pt minus 2.0pt
* \hoffset=0.0pt
* \voffset=0.0pt
* \mag=1000
* \@twocolumnfalse
* \@twosidetrue
* \@mparswitchtrue
* \@reversemarginfalse
* (1in=72.27pt=25.4mm, 1cm=28.453pt)

<Imagenes/upt.jpg, id=1, 78.2925pt x 105.39375pt>
File: Imagenes/upt.jpg Graphic file (type jpg)
<use Imagenes/upt.jpg>
Package pdftex.def Info: Imagenes/upt.jpg  used on input line 18.
(pdftex.def)             Requested size: 78.2923pt x 105.39348pt.

LaTeX Font Warning: Font shape `OT1/cmr/bx/sc' undefined
(Font)              using `OT1/cmr/bx/n' instead on input line 34.


Underfull \hbox (badness 10000) in paragraph at lines 42--43

 []


Underfull \vbox (badness 10000) has occurred while \output is active []

 [1

{C:/Users/ALEX/AppData/Local/MiKTeX/pdftex/config/pdftex.map} <./Imagenes/upt.j
pg>]
Underfull \hbox (badness 10000) in paragraph at lines 47--48

 []

<Imagenes/img1.png, id=8, 1444.64719pt x 812.28468pt>
File: Imagenes/img1.png Graphic file (type png)
<use Imagenes/img1.png>
Package pdftex.def Info: Imagenes/img1.png  used on input line 50.
(pdftex.def)             Requested size: 341.43306pt x 191.97763pt.

Underfull \hbox (badness 10000) in paragraph at lines 56--57

 []

<Imagenes/img2.png, id=9, 713.66624pt x 398.23781pt>
File: Imagenes/img2.png Graphic file (type png)
<use Imagenes/img2.png>
Package pdftex.def Info: Imagenes/img2.png  used on input line 58.
(pdftex.def)             Requested size: 341.43306pt x 190.52608pt.
[2 <./Imagenes/img1.png>]
Underfull \hbox (badness 10000) in paragraph at lines 61--62

 []

<Imagenes/img3.png, id=13, 217.5628pt x 131.74219pt>
File: Imagenes/img3.png Graphic file (type png)
<use Imagenes/img3.png>
Package pdftex.def Info: Imagenes/img3.png  used on input line 63.
(pdftex.def)             Requested size: 341.43306pt x 206.77937pt.
<Imagenes/img4.png, id=14, 1434.10782pt x 661.72218pt>
File: Imagenes/img4.png Graphic file (type png)
<use Imagenes/img4.png>
Package pdftex.def Info: Imagenes/img4.png  used on input line 68.
(pdftex.def)             Requested size: 341.43306pt x 157.53424pt.
[3 <./Imagenes/img2.png> <./Imagenes/img3.png> <./Imagenes/img4.png>]
<Imagenes/img5.png, id=18, 228.10219pt x 76.78688pt>
File: Imagenes/img5.png Graphic file (type png)
<use Imagenes/img5.png>
Package pdftex.def Info: Imagenes/img5.png  used on input line 74.
(pdftex.def)             Requested size: 341.43306pt x 114.941pt.

Underfull \hbox (badness 10000) in paragraph at lines 76--77

 []

<Imagenes/img6.png, id=19, 411.03563pt x 361.35pt>
File: Imagenes/img6.png Graphic file (type png)
<use Imagenes/img6.png>
Package pdftex.def Info: Imagenes/img6.png  used on input line 78.
(pdftex.def)             Requested size: 341.43306pt x 300.16302pt.

Underfull \hbox (badness 10000) in paragraph at lines 80--81

 []

<Imagenes/img7.png, id=20, 456.95718pt x 511.15968pt>
File: Imagenes/img7.png Graphic file (type png)
<use Imagenes/img7.png>
Package pdftex.def Info: Imagenes/img7.png  used on input line 82.
(pdftex.def)             Requested size: 341.44106pt x 341.43004pt.

Underfull \vbox (badness 10000) has occurred while \output is active []

 [4 <./Imagenes/img5.png> <./Imagenes/img6.png>]
Underfull \hbox (badness 10000) in paragraph at lines 85--86

 []

<Imagenes/img8.png, id=24, 295.85532pt x 135.50626pt>
File: Imagenes/img8.png Graphic file (type png)
<use Imagenes/img8.png>
Package pdftex.def Info: Imagenes/img8.png  used on input line 87.
(pdftex.def)             Requested size: 341.44533pt x 170.72221pt.
<Imagenes/img9.png, id=25, 628.59843pt x 694.84593pt>
File: Imagenes/img9.png Graphic file (type png)
<use Imagenes/img9.png>
Package pdftex.def Info: Imagenes/img9.png  used on input line 89.
(pdftex.def)             Requested size: 341.43315pt x 142.25348pt.

Underfull \vbox (badness 10000) has occurred while \output is active []

 [5 <./Imagenes/img7.png> <./Imagenes/img8.png>]
Underfull \hbox (badness 10000) in paragraph at lines 91--92

 []

<Imagenes/img10.png, id=29, 1016.29688pt x 309.40594pt>
File: Imagenes/img10.png Graphic file (type png)
<use Imagenes/img10.png>
Package pdftex.def Info: Imagenes/img10.png  used on input line 93.
(pdftex.def)             Requested size: 341.4269pt x 170.72144pt.
<Imagenes/img11.png, id=30, 1096.84781pt x 665.48625pt>
File: Imagenes/img11.png Graphic file (type png)
<use Imagenes/img11.png>
Package pdftex.def Info: Imagenes/img11.png  used on input line 99.
(pdftex.def)             Requested size: 341.42517pt x 142.25424pt.

Underfull \vbox (badness 2443) has occurred while \output is active []

 [6 <./Imagenes/img9.png> <./Imagenes/img10.png> <./Imagenes/img11.png>]
<Imagenes/img12.png, id=34, 536.0025pt x 429.85594pt>
File: Imagenes/img12.png Graphic file (type png)
<use Imagenes/img12.png>
Package pdftex.def Info: Imagenes/img12.png  used on input line 108.
(pdftex.def)             Requested size: 341.42921pt x 199.17256pt.
<Imagenes/img14.png, id=35, 1236.87094pt x 636.12656pt>
File: Imagenes/img14.png Graphic file (type png)
<use Imagenes/img14.png>
Package pdftex.def Info: Imagenes/img14.png  used on input line 117.
(pdftex.def)             Requested size: 341.43336pt x 341.42603pt.
 [7 <./Imagenes/img12.png> <./Imagenes/img14.png>]
<Imagenes/img15.png, id=40, 1175.89313pt x 637.63219pt>
File: Imagenes/img15.png Graphic file (type png)
<use Imagenes/img15.png>
Package pdftex.def Info: Imagenes/img15.png  used on input line 124.
(pdftex.def)             Requested size: 341.43091pt x 284.52866pt.
<Imagenes/img16.png, id=41, 1159.33125pt x 609.02531pt>
File: Imagenes/img16.png Graphic file (type png)
<use Imagenes/img16.png>
Package pdftex.def Info: Imagenes/img16.png  used on input line 129.
(pdftex.def)             Requested size: 341.43369pt x 284.53203pt.
 [8 <./Imagenes/img15.png> <./Imagenes/img16.png>]
<Imagenes/img17.png, id=45, 1294.8375pt x 628.59843pt>
File: Imagenes/img17.png Graphic file (type png)
<use Imagenes/img17.png>
Package pdftex.def Info: Imagenes/img17.png  used on input line 135.
(pdftex.def)             Requested size: 341.43115pt x 284.52603pt.

Underfull \hbox (badness 10000) in paragraph at lines 139--140

 []

<Imagenes/img18.png, id=46, 287.57437pt x 311.66437pt>
File: Imagenes/img18.png Graphic file (type png)
<use Imagenes/img18.png>
Package pdftex.def Info: Imagenes/img18.png  used on input line 142.
(pdftex.def)             Requested size: 341.44545pt x 284.53285pt.
[9 <./Imagenes/img17.png> <./Imagenes/img18.png>]
<Imagenes/img20.png, id=50, 1163.84813pt x 609.77812pt>
File: Imagenes/img20.png Graphic file (type png)
<use Imagenes/img20.png>
Package pdftex.def Info: Imagenes/img20.png  used on input line 148.
(pdftex.def)             Requested size: 341.43202pt x 284.53947pt.
<Imagenes/img21.png, id=51, 301.8778pt x 155.07938pt>
File: Imagenes/img21.png Graphic file (type png)
<use Imagenes/img21.png>
Package pdftex.def Info: Imagenes/img21.png  used on input line 154.
(pdftex.def)             Requested size: 341.43117pt x 142.263pt.
<Imagenes/img22.png, id=52, 1242.89343pt x 502.87875pt>
File: Imagenes/img22.png Graphic file (type png)
<use Imagenes/img22.png>
Package pdftex.def Info: Imagenes/img22.png  used on input line 165.
(pdftex.def)             Requested size: 341.42694pt x 142.26302pt.
 [10 <./Imagenes/img20.png> <./Imagenes/img21.png>]
<Imagenes/img23.png, id=56, 1298.60156pt x 539.01375pt>
File: Imagenes/img23.png Graphic file (type png)
<use Imagenes/img23.png>
Package pdftex.def Info: Imagenes/img23.png  used on input line 172.
(pdftex.def)             Requested size: 341.43294pt x 142.26222pt.
<Imagenes/img24.png, id=57, 700.11563pt x 406.51875pt>
File: Imagenes/img24.png Graphic file (type png)
<use Imagenes/img24.png>
Package pdftex.def Info: Imagenes/img24.png  used on input line 178.
(pdftex.def)             Requested size: 341.43587pt x 142.25887pt.

Underfull \hbox (badness 10000) in paragraph at lines 181--182

 []


Underfull \hbox (badness 10000) in paragraph at lines 183--184

 []

<Imagenes/img26.png, id=58, 1444.64719pt x 680.5425pt>
File: Imagenes/img26.png Graphic file (type png)
<use Imagenes/img26.png>
Package pdftex.def Info: Imagenes/img26.png  used on input line 187.
(pdftex.def)             Requested size: 341.43196pt x 142.26393pt.
[11 <./Imagenes/img22.png> <./Imagenes/img23.png> <./Imagenes/img24.png>]
Underfull \hbox (badness 10000) in paragraph at lines 192--193

 []


Underfull \hbox (badness 10000) in paragraph at lines 194--195

 []

<Imagenes/img27.png, id=62, 163.3603pt x 402.75468pt>
File: Imagenes/img27.png Graphic file (type png)
<use Imagenes/img27.png>
Package pdftex.def Info: Imagenes/img27.png  used on input line 196.
(pdftex.def)             Requested size: 142.26189pt x 341.43355pt.

Underfull \hbox (badness 10000) in paragraph at lines 198--199

 []

<Imagenes/img28.png, id=63, 1258.7025pt x 637.63219pt>
File: Imagenes/img28.png Graphic file (type png)
<use Imagenes/img28.png>
Package pdftex.def Info: Imagenes/img28.png  used on input line 201.
(pdftex.def)             Requested size: 341.42912pt x 142.26433pt.
[12 <./Imagenes/img26.png> <./Imagenes/img27.png>]
Underfull \hbox (badness 10000) in paragraph at lines 204--205

 []


Underfull \hbox (badness 10000) in paragraph at lines 206--207

 []

<Imagenes/img29.png, id=67, 437.38406pt x 461.47406pt>
File: Imagenes/img29.png Graphic file (type png)
<use Imagenes/img29.png>
Package pdftex.def Info: Imagenes/img29.png  used on input line 208.
(pdftex.def)             Requested size: 341.43849pt x 227.61705pt.
<Imagenes/img30.png, id=68, 405.01312pt x 419.31656pt>
File: Imagenes/img30.png Graphic file (type png)
<use Imagenes/img30.png>
Package pdftex.def Info: Imagenes/img30.png  used on input line 213.
(pdftex.def)             Requested size: 341.4385pt x 227.61763pt.

Underfull \vbox (badness 10000) has occurred while \output is active []

 [13 <./Imagenes/img28.png> <./Imagenes/img29.png>]
<Imagenes/img31.png, id=73, 813.79031pt x 628.59843pt>
File: Imagenes/img31.png Graphic file (type png)
<use Imagenes/img31.png>
Package pdftex.def Info: Imagenes/img31.png  used on input line 217.
(pdftex.def)             Requested size: 341.42949pt x 227.6189pt.

Underfull \hbox (badness 10000) in paragraph at lines 221--222

 []

<Imagenes/img32.png, id=74, 1303.11844pt x 670.00313pt>
File: Imagenes/img32.png Graphic file (type png)
<use Imagenes/img32.png>
Package pdftex.def Info: Imagenes/img32.png  used on input line 226.
(pdftex.def)             Requested size: 341.42749pt x 227.61403pt.

Underfull \vbox (badness 10000) has occurred while \output is active []

 [14 <./Imagenes/img30.png> <./Imagenes/img31.png>]
Underfull \hbox (badness 10000) in paragraph at lines 229--230

 []


Underfull \hbox (badness 10000) in paragraph at lines 231--233

 []


Underfull \hbox (badness 10000) in paragraph at lines 234--235

 []

<Imagenes/img34.png, id=78, 1321.18594pt x 717.43031pt>
File: Imagenes/img34.png Graphic file (type png)
<use Imagenes/img34.png>
Package pdftex.def Info: Imagenes/img34.png  used on input line 237.
(pdftex.def)             Requested size: 341.4238pt x 227.62286pt.
[15 <./Imagenes/img32.png> <./Imagenes/img34.png>]
<Imagenes/img35.png, id=82, 645.91313pt x 728.7225pt>
File: Imagenes/img35.png Graphic file (type png)
<use Imagenes/img35.png>
Package pdftex.def Info: Imagenes/img35.png  used on input line 245.
(pdftex.def)             Requested size: 341.43546pt x 227.61403pt.
<Imagenes/img36.png, id=83, 563.10374pt x 720.44156pt>
File: Imagenes/img36.png Graphic file (type png)
<use Imagenes/img36.png>
Package pdftex.def Info: Imagenes/img36.png  used on input line 251.
(pdftex.def)             Requested size: 341.43063pt x 227.62186pt.
<Imagenes/img37.png, id=84, 507.39563pt x 670.00313pt>
File: Imagenes/img37.png Graphic file (type png)
<use Imagenes/img37.png>
Package pdftex.def Info: Imagenes/img37.png  used on input line 257.
(pdftex.def)             Requested size: 341.43982pt x 227.61403pt.
 [16 <./Imagenes/img35.png> <./Imagenes/img36.png>]
<Imagenes/img38.png, id=88, 1056.19594pt x 566.115pt>
File: Imagenes/img38.png Graphic file (type png)
<use Imagenes/img38.png>
Package pdftex.def Info: Imagenes/img38.png  used on input line 265.
(pdftex.def)             Requested size: 341.42236pt x 227.61678pt.
<Imagenes/img42.png, id=89, 892.08281pt x 752.0597pt>
File: Imagenes/img42.png Graphic file (type png)
<use Imagenes/img42.png>
Package pdftex.def Info: Imagenes/img42.png  used on input line 270.
(pdftex.def)             Requested size: 341.43155pt x 227.61638pt.

Underfull \vbox (badness 10000) has occurred while \output is active []

 [17 <./Imagenes/img37.png> <./Imagenes/img38.png>]
Underfull \hbox (badness 10000) in paragraph at lines 273--274

 []


Underfull \hbox (badness 10000) in paragraph at lines 275--276

 []


Underfull \hbox (badness 10000) in paragraph at lines 280--281

 []

<Imagenes/img43.png, id=93, 801.74532pt x 681.29532pt>
File: Imagenes/img43.png Graphic file (type png)
<use Imagenes/img43.png>
Package pdftex.def Info: Imagenes/img43.png  used on input line 285.
(pdftex.def)             Requested size: 341.44069pt x 227.62459pt.
[18 <./Imagenes/img42.png> <./Imagenes/img43.png>]
<Imagenes/img45.png, id=97, 256.70906pt x 237.13594pt>
File: Imagenes/img45.png Graphic file (type png)
<use Imagenes/img45.png>
Package pdftex.def Info: Imagenes/img45.png  used on input line 291.
(pdftex.def)             Requested size: 341.45792pt x 227.6298pt.

Underfull \hbox (badness 10000) in paragraph at lines 294--295

 []


Underfull \hbox (badness 10000) in paragraph at lines 296--297

 []

<Imagenes/img46.png, id=98, 596.2275pt x 699.36281pt>
File: Imagenes/img46.png Graphic file (type png)
<use Imagenes/img46.png>
Package pdftex.def Info: Imagenes/img46.png  used on input line 301.
(pdftex.def)             Requested size: 341.4362pt x 227.62103pt.
<Imagenes/img47.png, id=99, 1444.64719pt x 812.28468pt>
File: Imagenes/img47.png Graphic file (type png)
<use Imagenes/img47.png>
Package pdftex.def Info: Imagenes/img47.png  used on input line 307.
(pdftex.def)             Requested size: 341.43196pt x 227.61168pt.
[19 <./Imagenes/img45.png> <./Imagenes/img46.png>] [20 <./Imagenes/img47.png>]
(Laboratorio 1.aux
LaTeX Info: Redefining \. on input line 8.
LaTeX Info: Redefining \% on input line 8.
)

LaTeX Font Warning: Some font shapes were not available, defaults substituted.

 ) 
Here is how much of TeX's memory you used:
 4248 strings out of 479334
 58519 string characters out of 2866963
 369449 words of memory out of 3000000
 21646 multiletter control sequences out of 15000+200000
 405598 words of font info for 34 fonts, out of 3000000 for 9000
 1141 hyphenation exceptions out of 8191
 68i,6n,74p,590b,361s stack positions out of 5000i,500n,10000p,200000b,50000s
<C:/Program Files/MiKTeX/fonts/type1/public/amsfonts/cm/cmbx12.pfb><C:/Progra
m Files/MiKTeX/fonts/type1/public/amsfonts/cm/cmr12.pfb>
Output written on "Laboratorio 1.pdf" (20 pages, 2151319 bytes).
PDF statistics:
 115 PDF objects out of 1000 (max. 8388607)
 0 named destinations out of 1000 (max. 500000)
 201 words of extra memory for PDF output out of 10000 (max. 10000000)

